\BOOKMARK [0][-]{chapter.1}{Introduction}{}
\BOOKMARK [0][-]{chapter.2}{Literature Review}{}
\BOOKMARK [1][-]{section.2.1}{Introduction to Quantum Computation}{chapter.2}
\BOOKMARK [1][-]{section.2.2}{An Introduction to Quantum Algorithms}{chapter.2}
\BOOKMARK [2][-]{subsection.2.2.1}{Deutsch Algorithms}{section.2.2}
\BOOKMARK [2][-]{subsection.2.2.2}{Deutsch-Jozsa Algorithm}{section.2.2}
\BOOKMARK [2][-]{subsection.2.2.3}{Grover's Search Algorithm}{section.2.2}
\BOOKMARK [2][-]{subsection.2.2.4}{Shor's Factorisation Algorithm}{section.2.2}
\BOOKMARK [2][-]{subsection.2.2.5}{Quantum Teleportation Protocol}{section.2.2}
\BOOKMARK [1][-]{section.2.3}{The Use of Evolutionary Computation in the Synthesis of Quantum Algorithms}{chapter.2}
\BOOKMARK [2][-]{subsection.2.3.1}{Q-PACE I}{section.2.3}
\BOOKMARK [2][-]{subsection.2.3.2}{Q-PACE II}{section.2.3}
\BOOKMARK [2][-]{subsection.2.3.3}{Spector et al, Deutsch's Problem}{section.2.3}
\BOOKMARK [2][-]{subsection.2.3.4}{Q-PACE III}{section.2.3}
\BOOKMARK [2][-]{subsection.2.3.5}{Q-PACE IV}{section.2.3}
\BOOKMARK [1][-]{section.2.4}{The Focus of this Project}{chapter.2}
\BOOKMARK [0][-]{chapter.3}{Requirements}{}
\BOOKMARK [1][-]{section.3.1}{Purpose}{chapter.3}
\BOOKMARK [2][-]{subsection.3.1.1}{Framework}{section.3.1}
\BOOKMARK [2][-]{subsection.3.1.2}{Fully Implemented Tool}{section.3.1}
\BOOKMARK [2][-]{subsection.3.1.3}{Client GUI}{section.3.1}
\BOOKMARK [1][-]{section.3.2}{Definition, Acronyms, and Abbreviations}{chapter.3}
\BOOKMARK [1][-]{section.3.3}{Requirements Summaries}{chapter.3}
\BOOKMARK [2][-]{subsection.3.3.1}{Framework}{section.3.3}
\BOOKMARK [2][-]{subsection.3.3.2}{Fully Implemented Tool}{section.3.3}
\BOOKMARK [2][-]{subsection.3.3.3}{Client GUI}{section.3.3}
\BOOKMARK [2][-]{subsection.3.3.4}{General Requirements}{section.3.3}
\BOOKMARK [0][-]{chapter.4}{Design}{}
\BOOKMARK [1][-]{section.4.1}{Framework}{chapter.4}
\BOOKMARK [2][-]{subsection.4.1.1}{Complex Numbers}{section.4.1}
\BOOKMARK [2][-]{subsection.4.1.2}{Matrices}{section.4.1}
\BOOKMARK [2][-]{subsection.4.1.3}{State}{section.4.1}
\BOOKMARK [2][-]{subsection.4.1.4}{Test Suite Structures}{section.4.1}
\BOOKMARK [2][-]{subsection.4.1.5}{Manager Classes}{section.4.1}
\BOOKMARK [2][-]{subsection.4.1.6}{Multiple Search Engines}{section.4.1}
\BOOKMARK [2][-]{subsection.4.1.7}{Multiple Fitness Functions}{section.4.1}
\BOOKMARK [2][-]{subsection.4.1.8}{Multiple Problems and Problem Specification}{section.4.1}
\BOOKMARK [2][-]{subsection.4.1.9}{Quantum Algorithms}{section.4.1}
\BOOKMARK [2][-]{subsection.4.1.10}{Qubit Numbering}{section.4.1}
\BOOKMARK [2][-]{subsection.4.1.11}{Quantum Circuits}{section.4.1}
\BOOKMARK [2][-]{subsection.4.1.12}{Quantum Gates}{section.4.1}
\BOOKMARK [2][-]{subsection.4.1.13}{Custom Gates}{section.4.1}
\BOOKMARK [2][-]{subsection.4.1.14}{Separation of GUI from Core Functionality}{section.4.1}
\BOOKMARK [1][-]{section.4.2}{Fully Implemented System}{chapter.4}
\BOOKMARK [2][-]{subsection.4.2.1}{Quantum Gate Implemenation}{section.4.2}
\BOOKMARK [2][-]{subsection.4.2.2}{Fitness Functions}{section.4.2}
\BOOKMARK [1][-]{section.4.3}{Client and GUI}{chapter.4}
\BOOKMARK [2][-]{subsection.4.3.1}{GUI Design}{section.4.3}
\BOOKMARK [2][-]{subsection.4.3.2}{Search and Problem Selection}{section.4.3}
\BOOKMARK [2][-]{subsection.4.3.3}{Quantum Circuit Viewer}{section.4.3}
\BOOKMARK [2][-]{subsection.4.3.4}{Interactive Circuit Evaluator}{section.4.3}
\BOOKMARK [2][-]{subsection.4.3.5}{Test Suite Editor}{section.4.3}
\BOOKMARK [0][-]{chapter.5}{Implemenation}{}
\BOOKMARK [0][-]{chapter.6}{Testing}{}
\BOOKMARK [1][-]{section.6.1}{Unit Tests}{chapter.6}
\BOOKMARK [1][-]{section.6.2}{Integration Tests}{chapter.6}
\BOOKMARK [1][-]{section.6.3}{User Acceptance Tests}{chapter.6}
\BOOKMARK [0][-]{appendix.A}{Full Requirements}{}
\BOOKMARK [1][-]{section.A.1}{Framework}{appendix.A}
\BOOKMARK [1][-]{section.A.2}{Fully Functional Tool}{appendix.A}
\BOOKMARK [1][-]{section.A.3}{Client and GUI}{appendix.A}
\BOOKMARK [0][-]{appendix.B}{XML Outlines}{}
\BOOKMARK [1][-]{section.B.1}{Search Engine XML Outline}{appendix.B}
\BOOKMARK [1][-]{section.B.2}{Problem Definition XML Outline}{appendix.B}
